[35m[1mScanning dependencies of target ov_eval_lib[0m
[  3%] [32mBuilding CXX object CMakeFiles/ov_eval_lib.dir/src/calc/ResultSimulation.cpp.o[0m
[  7%] [32m[1mLinking CXX shared library /home/jeong/workspace/catkin_ws_ov/devel/.private/ov_eval/lib/libov_eval_lib.so[0m
[ 25%] Built target ov_eval_lib
[35m[1mScanning dependencies of target plot_trajectories[0m
[35m[1mScanning dependencies of target timing_flamegraph[0m
[35m[1mScanning dependencies of target error_singlerun[0m
[35m[1mScanning dependencies of target error_simulation[0m
[35m[1mScanning dependencies of target timing_comparison[0m
[35m[1mScanning dependencies of target error_dataset[0m
[35m[1mScanning dependencies of target error_comparison[0m
[35m[1mScanning dependencies of target pose_to_file[0m
[35m[1mScanning dependencies of target timing_percentages[0m
[ 29%] [32m[1mLinking CXX executable /home/jeong/workspace/catkin_ws_ov/devel/.private/ov_eval/lib/ov_eval/format_converter[0m
[ 33%] [32mBuilding CXX object CMakeFiles/plot_trajectories.dir/src/plot_trajectories.cpp.o[0m
[ 37%] [32mBuilding CXX object CMakeFiles/timing_flamegraph.dir/src/timing_flamegraph.cpp.o[0m
[ 40%] [32mBuilding CXX object CMakeFiles/pose_to_file.dir/src/pose_to_file.cpp.o[0m
[ 44%] [32mBuilding CXX object CMakeFiles/error_singlerun.dir/src/error_singlerun.cpp.o[0m
[ 48%] [32mBuilding CXX object CMakeFiles/error_dataset.dir/src/error_dataset.cpp.o[0m
[ 51%] [32mBuilding CXX object CMakeFiles/error_simulation.dir/src/error_simulation.cpp.o[0m
[ 55%] [32mBuilding CXX object CMakeFiles/error_comparison.dir/src/error_comparison.cpp.o[0m
[ 59%] [32mBuilding CXX object CMakeFiles/timing_comparison.dir/src/timing_comparison.cpp.o[0m
[ 62%] [32mBuilding CXX object CMakeFiles/timing_percentages.dir/src/timing_percentages.cpp.o[0m
[ 66%] Built target format_converter
In file included from [01m[K/home/jeong/workspace/catkin_ws_ov/src/open_vins/ov_eval/src/pose_to_file.cpp:30:0[m[K:
[01m[K/home/jeong/workspace/catkin_ws_ov/src/open_vins/ov_eval/src/utils/Recorder.h:[m[K In member function â€˜[01m[Kvoid ov_eval::Recorder::write()[m[Kâ€™:
[01m[K/home/jeong/workspace/catkin_ws_ov/src/open_vins/ov_eval/src/utils/Recorder.h:157:15:[m[K [01;31m[Kerror: [m[Kexpected â€˜[01m[K([m[Kâ€™ before â€˜[01m[K{[m[Kâ€™ token
             if[01;31m[K{[m[K
               [01;31m[K^[m[K
CMakeFiles/pose_to_file.dir/build.make:62: recipe for target 'CMakeFiles/pose_to_file.dir/src/pose_to_file.cpp.o' failed
make[2]: *** [CMakeFiles/pose_to_file.dir/src/pose_to_file.cpp.o] Error 1
CMakeFiles/Makefile2:289: recipe for target 'CMakeFiles/pose_to_file.dir/all' failed
make[1]: *** [CMakeFiles/pose_to_file.dir/all] Error 2
make[1]: *** Waiting for unfinished jobs....
[ 70%] [32m[1mLinking CXX executable /home/jeong/workspace/catkin_ws_ov/devel/.private/ov_eval/lib/ov_eval/timing_flamegraph[0m
[ 74%] [32m[1mLinking CXX executable /home/jeong/workspace/catkin_ws_ov/devel/.private/ov_eval/lib/ov_eval/timing_comparison[0m
[ 74%] Built target timing_flamegraph
[ 74%] Built target timing_comparison
[ 77%] [32m[1mLinking CXX executable /home/jeong/workspace/catkin_ws_ov/devel/.private/ov_eval/lib/ov_eval/error_simulation[0m
[ 77%] Built target error_simulation
[ 81%] [32m[1mLinking CXX executable /home/jeong/workspace/catkin_ws_ov/devel/.private/ov_eval/lib/ov_eval/timing_percentages[0m
[ 81%] Built target timing_percentages
[ 85%] [32m[1mLinking CXX executable /home/jeong/workspace/catkin_ws_ov/devel/.private/ov_eval/lib/ov_eval/error_singlerun[0m
[ 85%] Built target error_singlerun
[ 88%] [32m[1mLinking CXX executable /home/jeong/workspace/catkin_ws_ov/devel/.private/ov_eval/lib/ov_eval/plot_trajectories[0m
[ 88%] Built target plot_trajectories
[ 92%] [32m[1mLinking CXX executable /home/jeong/workspace/catkin_ws_ov/devel/.private/ov_eval/lib/ov_eval/error_dataset[0m
[ 92%] Built target error_dataset
[ 96%] [32m[1mLinking CXX executable /home/jeong/workspace/catkin_ws_ov/devel/.private/ov_eval/lib/ov_eval/error_comparison[0m
[ 96%] Built target error_comparison
Makefile:140: recipe for target 'all' failed
make: *** [all] Error 2
